[debug] [2018-05-30T11:07:29.781Z] ----------------------------------------------------------------------
[debug] [2018-05-30T11:07:29.783Z] Command:       /usr/local/Cellar/node/10.1.0/bin/node /usr/local/bin/firebase deploy
[debug] [2018-05-30T11:07:29.783Z] CLI Version:   3.18.4
[debug] [2018-05-30T11:07:29.783Z] Platform:      darwin
[debug] [2018-05-30T11:07:29.783Z] Node Version:  v10.1.0
[debug] [2018-05-30T11:07:29.784Z] Time:          Wed May 30 2018 12:07:29 GMT+0100 (BST)
[debug] [2018-05-30T11:07:29.784Z] ----------------------------------------------------------------------
[debug] 
[debug] [2018-05-30T11:07:29.795Z] > command requires scopes: ["email","openid","https://www.googleapis.com/auth/cloudplatformprojects.readonly","https://www.googleapis.com/auth/firebase","https://www.googleapis.com/auth/cloud-platform"]
[debug] [2018-05-30T11:07:29.796Z] > authorizing via signed-in user
[debug] [2018-05-30T11:07:29.797Z] > refreshing access token with scopes: ["email","https://www.googleapis.com/auth/cloud-platform","https://www.googleapis.com/auth/cloudplatformprojects.readonly","https://www.googleapis.com/auth/firebase","openid"]
[debug] [2018-05-30T11:07:29.797Z] >>> HTTP REQUEST POST https://www.googleapis.com/oauth2/v3/token  
 { refresh_token: '1/tRBFyE7HGChdCGIvSvyCB8ZGnQcAKf7hQ-9WFhtCmYc',
  client_id: '563584335869-fgrhgmd47bqnekij5i8b5pr03ho849e6.apps.googleusercontent.com',
  client_secret: 'j9iVZfS8kkCEFUPaAeJV0sAi',
  grant_type: 'refresh_token',
  scope: 'email https://www.googleapis.com/auth/cloud-platform https://www.googleapis.com/auth/cloudplatformprojects.readonly https://www.googleapis.com/auth/firebase openid' } 
 Wed May 30 2018 12:07:29 GMT+0100 (BST)
[debug] [2018-05-30T11:07:30.183Z] <<< HTTP RESPONSE 200
[debug] [2018-05-30T11:07:30.198Z] >>> HTTP REQUEST GET https://admin.firebase.com/v1/projects/userddata  
  
 Wed May 30 2018 12:07:30 GMT+0100 (BST)
[debug] [2018-05-30T11:07:30.867Z] <<< HTTP RESPONSE 200
[debug] [2018-05-30T11:07:30.868Z] >>> HTTP REQUEST GET https://admin.firebase.com/v1/database/userddata/tokens  
  
 Wed May 30 2018 12:07:30 GMT+0100 (BST)
